# JRE version: OpenJDK Runtime Environment JBR-21.0.9+1-1163.86-jcef (21.0.9+1) (build 21.0.9+1-b1163.86)
# Java VM: OpenJDK 64-Bit Server VM JBR-21.0.9+1-1163.86-jcef (21.0.9+1-b1163.86, mixed mode, sharing, tiered, compressed oops, compressed class ptrs, g1 gc, windows-amd64)
GC Precious Log:
 CardTable entry size: 512
 Card Set container configuration: InlinePtr #cards 4 size 8 Array Of Cards #cards 32 size 80 Howl #buckets 8 coarsen threshold 7372 Howl Bitmap #cards 1024 size 144 coarsen threshold 921 Card regions per heap region 1 cards per card region 8192
 CPUs: 16 total, 16 available
 Memory: 32042M
 Large Page Support: Disabled
 NUMA Support: Disabled
 Compressed Oops: Enabled (Zero based)
 Heap Region Size: 4M
 Heap Min Capacity: 128M
 Heap Initial Capacity: 128M
 Heap Max Capacity: 8G
 Pre-touch: Disabled
 Parallel Workers: 13
 Concurrent Workers: 3
 Concurrent Refinement Workers: 13
 Periodic GC: Disabled
Heap:
 garbage-first heap   total 876544K, used 802254K [0x0000000600000000, 0x0000000800000000)
  region size 4096K, 79 young (323584K), 4 survivors (16384K)
 Metaspace       used 522308K, committed 529664K, reserved 1572864K
  class space    used 65998K, committed 69440K, reserved 1048576K
GC Heap History (20 events):
Event: 16680.658 GC heap before
{Heap before GC invocations=122 (full 1):
 garbage-first heap   total 1228800K, used 664407K [0x0000000600000000, 0x0000000800000000)
  region size 4096K, 41 young (167936K), 3 survivors (12288K)
 Metaspace       used 519793K, committed 527360K, reserved 1507328K
  class space    used 65778K, committed 69440K, reserved 1048576K
}
Event: 16680.662 GC heap after
{Heap after GC invocations=123 (full 1):
 garbage-first heap   total 1228800K, used 515348K [0x0000000600000000, 0x0000000800000000)
  region size 4096K, 2 young (8192K), 2 survivors (8192K)
 Metaspace       used 519793K, committed 527360K, reserved 1507328K
  class space    used 65778K, committed 69440K, reserved 1048576K
}
Event: 16691.111 GC heap before
{Heap before GC invocations=124 (full 1):
 garbage-first heap   total 1228800K, used 1002772K [0x0000000600000000, 0x0000000800000000)
  region size 4096K, 118 young (483328K), 2 survivors (8192K)
 Metaspace       used 520390K, committed 527936K, reserved 1507328K
  class space    used 65857K, committed 69440K, reserved 1048576K
}
Event: 16691.251 GC heap after
{Heap after GC invocations=125 (full 2):
 garbage-first heap   total 856064K, used 482108K [0x0000000600000000, 0x0000000800000000)
  region size 4096K, 0 young (0K), 0 survivors (0K)
 Metaspace       used 520390K, committed 527936K, reserved 1507328K
  class space    used 65857K, committed 69440K, reserved 1048576K
}
Event: 16701.136 GC heap before
{Heap before GC invocations=125 (full 2):
 garbage-first heap   total 856064K, used 518972K [0x0000000600000000, 0x0000000800000000)
  region size 4096K, 10 young (40960K), 0 survivors (0K)
 Metaspace       used 520544K, committed 528064K, reserved 1507328K
  class space    used 65879K, committed 69440K, reserved 1048576K
}
Event: 16701.139 GC heap after
{Heap after GC invocations=126 (full 2):
 garbage-first heap   total 856064K, used 483764K [0x0000000600000000, 0x0000000800000000)
  region size 4096K, 1 young (4096K), 1 survivors (4096K)
 Metaspace       used 520544K, committed 528064K, reserved 1507328K
  class space    used 65879K, committed 69440K, reserved 1048576K
}
Event: 16760.920 GC heap before
{Heap before GC invocations=127 (full 2):
 garbage-first heap   total 868352K, used 774580K [0x0000000600000000, 0x0000000800000000)
  region size 4096K, 72 young (294912K), 1 survivors (4096K)
 Metaspace       used 520806K, committed 528384K, reserved 1572864K
  class space    used 65901K, committed 69440K, reserved 1048576K
}
Event: 16760.922 GC heap after
{Heap after GC invocations=128 (full 2):
 garbage-first heap   total 868352K, used 486450K [0x0000000600000000, 0x0000000800000000)
  region size 4096K, 2 young (8192K), 2 survivors (8192K)
 Metaspace       used 520806K, committed 528384K, reserved 1572864K
  class space    used 65901K, committed 69440K, reserved 1048576K
}
Event: 16798.225 GC heap before
{Heap before GC invocations=128 (full 2):
 garbage-first heap   total 868352K, used 805938K [0x0000000600000000, 0x0000000800000000)
  region size 4096K, 75 young (307200K), 2 survivors (8192K)
 Metaspace       used 521024K, committed 528512K, reserved 1572864K
  class space    used 65908K, committed 69440K, reserved 1048576K
}
Event: 16798.228 GC heap after
{Heap after GC invocations=129 (full 2):
 garbage-first heap   total 868352K, used 488950K [0x0000000600000000, 0x0000000800000000)
  region size 4096K, 2 young (8192K), 2 survivors (8192K)
 Metaspace       used 521024K, committed 528512K, reserved 1572864K
  class space    used 65908K, committed 69440K, reserved 1048576K
}
Event: 16812.819 GC heap before
{Heap before GC invocations=129 (full 2):
 garbage-first heap   total 868352K, used 636406K [0x0000000600000000, 0x0000000800000000)
  region size 4096K, 40 young (163840K), 2 survivors (8192K)
 Metaspace       used 521221K, committed 528704K, reserved 1572864K
  class space    used 65920K, committed 69440K, reserved 1048576K
}
Event: 16812.824 GC heap after
{Heap after GC invocations=130 (full 2):
 garbage-first heap   total 868352K, used 490061K [0x0000000600000000, 0x0000000800000000)
  region size 4096K, 2 young (8192K), 2 survivors (8192K)
 Metaspace       used 521221K, committed 528704K, reserved 1572864K
  class space    used 65920K, committed 69440K, reserved 1048576K
}
Event: 16815.162 GC heap before
{Heap before GC invocations=131 (full 2):
 garbage-first heap   total 868352K, used 793165K [0x0000000600000000, 0x0000000800000000)
  region size 4096K, 76 young (311296K), 2 survivors (8192K)
 Metaspace       used 521487K, committed 528896K, reserved 1572864K
  class space    used 65938K, committed 69440K, reserved 1048576K
}
Event: 16815.166 GC heap after
{Heap after GC invocations=132 (full 2):
 garbage-first heap   total 868352K, used 493781K [0x0000000600000000, 0x0000000800000000)
  region size 4096K, 3 young (12288K), 3 survivors (12288K)
 Metaspace       used 521487K, committed 528896K, reserved 1572864K
  class space    used 65938K, committed 69440K, reserved 1048576K
}
Event: 16816.330 GC heap before
{Heap before GC invocations=132 (full 2):
 garbage-first heap   total 868352K, used 792789K [0x0000000600000000, 0x0000000800000000)
  region size 4096K, 76 young (311296K), 3 survivors (12288K)
 Metaspace       used 521636K, committed 529024K, reserved 1572864K
  class space    used 65943K, committed 69440K, reserved 1048576K
}
Event: 16816.335 GC heap after
{Heap after GC invocations=133 (full 2):
 garbage-first heap   total 868352K, used 501835K [0x0000000600000000, 0x0000000800000000)
  region size 4096K, 6 young (24576K), 6 survivors (24576K)
 Metaspace       used 521636K, committed 529024K, reserved 1572864K
  class space    used 65943K, committed 69440K, reserved 1048576K
}
Event: 16816.533 GC heap before
{Heap before GC invocations=133 (full 2):
 garbage-first heap   total 868352K, used 792651K [0x0000000600000000, 0x0000000800000000)
  region size 4096K, 78 young (319488K), 6 survivors (24576K)
 Metaspace       used 521648K, committed 529024K, reserved 1572864K
  class space    used 65943K, committed 69440K, reserved 1048576K
}
Event: 16816.539 GC heap after
{Heap after GC invocations=134 (full 2):
 garbage-first heap   total 868352K, used 504897K [0x0000000600000000, 0x0000000800000000)
  region size 4096K, 6 young (24576K), 6 survivors (24576K)
 Metaspace       used 521648K, committed 529024K, reserved 1572864K
  class space    used 65943K, committed 69440K, reserved 1048576K
}
Event: 16839.332 GC heap before
{Heap before GC invocations=135 (full 2):
 garbage-first heap   total 876544K, used 795713K [0x0000000600000000, 0x0000000800000000)
  region size 4096K, 78 young (319488K), 6 survivors (24576K)
 Metaspace       used 522146K, committed 529536K, reserved 1572864K
  class space    used 65993K, committed 69440K, reserved 1048576K
}
Event: 16839.336 GC heap after
{Heap after GC invocations=136 (full 2):
 garbage-first heap   total 876544K, used 499150K [0x0000000600000000, 0x0000000800000000)
  region size 4096K, 4 young (16384K), 4 survivors (16384K)
 Metaspace       used 522146K, committed 529536K, reserved 1572864K
  class space    used 65993K, committed 69440K, reserved 1048576K
}

